<?xml version="1.0" encoding="UTF-8"?>
<!-- Generated by org.testng.reporters.JUnitXMLReporter -->
<testsuite ignored="2" hostname="B78J1TV3" failures="0" tests="1" name="Default test" time="13.735" errors="0" timestamp="2025-04-09T18:12:12 IST">
  <testcase classname="com.ui.tests.LoginTest" name="loginExcelTest" time="3.266"/>
  <testcase classname="com.ui.tests.LoginTest" name="loginCSVTest" time="0.0">
    <ignored/>
  </testcase> <!-- loginCSVTest -->
  <testcase classname="com.ui.tests.LoginTest" name="loginTest" time="0.0">
    <ignored/>
  </testcase> <!-- loginTest -->
</testsuite> <!-- Default test -->
