<?xml version="1.0" encoding="UTF-8"?>
<testng-results ignored="0" total="1" passed="1" failed="0" skipped="0">
  <reporter-output>
  </reporter-output>
  <suite started-at="2025-03-31T11:56:13 IST" name="Default suite" finished-at="2025-03-31T11:56:30 IST" duration-ms="17326">
    <groups>
      <group name="sanity">
        <method signature="LoginTest.loginTest()[pri:0, instance:com.ui.tests.LoginTest@397fbdb]" name="loginTest" class="com.ui.tests.LoginTest"/>
      </group> <!-- sanity -->
      <group name="e2e">
        <method signature="LoginTest.loginTest()[pri:0, instance:com.ui.tests.LoginTest@397fbdb]" name="loginTest" class="com.ui.tests.LoginTest"/>
      </group> <!-- e2e -->
    </groups>
    <test started-at="2025-03-31T11:56:13 IST" name="Default test" finished-at="2025-03-31T11:56:30 IST" duration-ms="17326">
      <class name="com.ui.tests.LoginTest">
        <test-method is-config="true" signature="setUp()[pri:0, instance:com.ui.tests.LoginTest@397fbdb]" started-at="2025-03-31T11:56:13 IST" name="setUp" description="Load the Homepage of the website" finished-at="2025-03-31T11:56:27 IST" duration-ms="13819" status="PASS">
          <reporter-output>
          </reporter-output>
        </test-method> <!-- setUp -->
        <test-method signature="loginTest()[pri:0, instance:com.ui.tests.LoginTest@397fbdb]" started-at="2025-03-31T11:56:27 IST" name="loginTest" description="Verifies that the valid user is able to login into the application" finished-at="2025-03-31T11:56:30 IST" duration-ms="3420" status="PASS">
          <reporter-output>
          </reporter-output>
        </test-method> <!-- loginTest -->
      </class> <!-- com.ui.tests.LoginTest -->
    </test> <!-- Default test -->
  </suite> <!-- Default suite -->
</testng-results>
